2025-05-28 19:28:04,171 DEBUG    root            Loaded Command Group: ['gcloud', 'components']
2025-05-28 19:28:04,173 DEBUG    root            Loaded Command Group: ['gcloud', 'components', 'update']
2025-05-28 19:28:04,175 DEBUG    root            Running [gcloud.components.update] with arguments: [--quiet: "True", COMPONENT-IDS:8: "['gcloud', 'core', 'bq', 'gsutil', 'compute', 'preview', 'alpha', 'beta']"]
2025-05-28 19:28:04,176 INFO     ___FILE_ONLY___ Beginning update. This process may take several minutes.

2025-05-28 19:28:04,183 DEBUG    urllib3.connectionpool Starting new HTTPS connection (1): dl.google.com:443
2025-05-28 19:28:04,194 DEBUG    urllib3.connectionpool https://dl.google.com:443 "GET /dl/cloudsdk/channels/rapid/components-2.json HTTP/11" 200 233994
2025-05-28 19:28:04,207 WARNING  root            Component [compute] no longer exists.
2025-05-28 19:28:04,208 INFO     ___FILE_ONLY___ 

2025-05-28 19:28:04,208 INFO     ___FILE_ONLY___ 
Your current Google Cloud CLI version is: 524.0.0

2025-05-28 19:28:04,208 INFO     ___FILE_ONLY___ Installing components from version: 524.0.0

2025-05-28 19:28:04,208 INFO     ___FILE_ONLY___ 

2025-05-28 19:28:04,208 DEBUG    root            Chosen display Format:table[box,title="These components will be removed."](details.display_name:label=Name:align=left,version.version_string:label=Version:align=right,data.size.size(zero="",min=1048576):label=Size:align=right)
2025-05-28 19:28:04,209 DEBUG    root            Chosen display Format:table[box,title="These components will be updated."](details.display_name:label=Name:align=left,version.version_string:label=Version:align=right,data.size.size(zero="",min=1048576):label=Size:align=right)
2025-05-28 19:28:04,209 DEBUG    root            Chosen display Format:table[box,title="These components will be installed."](details.display_name:label=Name:align=left,version.version_string:label=Version:align=right,data.size.size(zero="",min=1048576):label=Size:align=right)
2025-05-28 19:28:04,222 INFO     ___FILE_ONLY___ ┌────────────────────────────────────────────────┐
2025-05-28 19:28:04,222 INFO     ___FILE_ONLY___ 

2025-05-28 19:28:04,222 INFO     ___FILE_ONLY___ │      These components will be installed.       │
2025-05-28 19:28:04,222 INFO     ___FILE_ONLY___ 

2025-05-28 19:28:04,222 INFO     ___FILE_ONLY___ ├─────────────────────────┬────────────┬─────────┤
2025-05-28 19:28:04,222 INFO     ___FILE_ONLY___ 

2025-05-28 19:28:04,223 INFO     ___FILE_ONLY___ │           Name          │  Version   │   Size  │
2025-05-28 19:28:04,223 INFO     ___FILE_ONLY___ 

2025-05-28 19:28:04,223 INFO     ___FILE_ONLY___ ├─────────────────────────┼────────────┼─────────┤
2025-05-28 19:28:04,223 INFO     ___FILE_ONLY___ 

2025-05-28 19:28:04,223 INFO     ___FILE_ONLY___ │ 
2025-05-28 19:28:04,223 INFO     ___FILE_ONLY___ gcloud Alpha Commands  
2025-05-28 19:28:04,223 INFO     ___FILE_ONLY___  
2025-05-28 19:28:04,223 INFO     ___FILE_ONLY___ │ 
2025-05-28 19:28:04,223 INFO     ___FILE_ONLY___ 2025.05.23
2025-05-28 19:28:04,223 INFO     ___FILE_ONLY___  
2025-05-28 19:28:04,223 INFO     ___FILE_ONLY___ │ 
2025-05-28 19:28:04,223 INFO     ___FILE_ONLY___ < 1 MiB
2025-05-28 19:28:04,223 INFO     ___FILE_ONLY___  
2025-05-28 19:28:04,224 INFO     ___FILE_ONLY___ │
2025-05-28 19:28:04,224 INFO     ___FILE_ONLY___ 

2025-05-28 19:28:04,224 INFO     ___FILE_ONLY___ │ 
2025-05-28 19:28:04,224 INFO     ___FILE_ONLY___ gcloud Beta Commands   
2025-05-28 19:28:04,224 INFO     ___FILE_ONLY___  
2025-05-28 19:28:04,224 INFO     ___FILE_ONLY___ │ 
2025-05-28 19:28:04,224 INFO     ___FILE_ONLY___ 2025.05.23
2025-05-28 19:28:04,224 INFO     ___FILE_ONLY___  
2025-05-28 19:28:04,224 INFO     ___FILE_ONLY___ │ 
2025-05-28 19:28:04,224 INFO     ___FILE_ONLY___ < 1 MiB
2025-05-28 19:28:04,224 INFO     ___FILE_ONLY___  
2025-05-28 19:28:04,224 INFO     ___FILE_ONLY___ │
2025-05-28 19:28:04,224 INFO     ___FILE_ONLY___ 

2025-05-28 19:28:04,224 INFO     ___FILE_ONLY___ │ 
2025-05-28 19:28:04,225 INFO     ___FILE_ONLY___ gcloud Preview Commands
2025-05-28 19:28:04,225 INFO     ___FILE_ONLY___  
2025-05-28 19:28:04,225 INFO     ___FILE_ONLY___ │ 
2025-05-28 19:28:04,225 INFO     ___FILE_ONLY___           
2025-05-28 19:28:04,225 INFO     ___FILE_ONLY___  
2025-05-28 19:28:04,225 INFO     ___FILE_ONLY___ │ 
2025-05-28 19:28:04,225 INFO     ___FILE_ONLY___ < 1 MiB
2025-05-28 19:28:04,225 INFO     ___FILE_ONLY___  
2025-05-28 19:28:04,225 INFO     ___FILE_ONLY___ │
2025-05-28 19:28:04,225 INFO     ___FILE_ONLY___ 

2025-05-28 19:28:04,225 INFO     ___FILE_ONLY___ └─────────────────────────┴────────────┴─────────┘
2025-05-28 19:28:04,225 INFO     ___FILE_ONLY___ 

2025-05-28 19:28:04,225 INFO     ___FILE_ONLY___ 

2025-05-28 19:28:04,228 DEBUG    urllib3.connectionpool Starting new HTTPS connection (1): dl.google.com:443
2025-05-28 19:28:04,243 DEBUG    urllib3.connectionpool https://dl.google.com:443 "GET /dl/cloudsdk/channels/rapid/RELEASE_NOTES HTTP/11" 200 1426101
2025-05-28 19:28:04,720 INFO     ___FILE_ONLY___ For the latest full release notes, please visit:
  https://cloud.google.com/sdk/release_notes


2025-05-28 19:28:04,720 INFO     ___FILE_ONLY___ Performing in place update...


2025-05-28 19:28:04,722 INFO     ___FILE_ONLY___ ╔════════════════════════════════════════════════════════════╗

2025-05-28 19:28:04,722 INFO     ___FILE_ONLY___ ╠═ Downloading: gcloud Alpha Commands                       ═╣

2025-05-28 19:28:04,722 INFO     ___FILE_ONLY___ ╚
2025-05-28 19:28:04,725 DEBUG    urllib3.connectionpool Starting new HTTPS connection (1): dl.google.com:443
2025-05-28 19:28:04,770 DEBUG    urllib3.connectionpool https://dl.google.com:443 "GET /dl/cloudsdk/channels/rapid/components/google-cloud-sdk-alpha-20250523104322.tar.gz HTTP/11" 200 800
2025-05-28 19:28:04,771 INFO     ___FILE_ONLY___ ════════════════════════════════════════════════════════════
2025-05-28 19:28:04,771 INFO     ___FILE_ONLY___ ╝

2025-05-28 19:28:04,772 INFO     ___FILE_ONLY___ ╔════════════════════════════════════════════════════════════╗

2025-05-28 19:28:04,772 INFO     ___FILE_ONLY___ ╠═ Downloading: gcloud Beta Commands                        ═╣

2025-05-28 19:28:04,773 INFO     ___FILE_ONLY___ ╚
2025-05-28 19:28:04,775 DEBUG    urllib3.connectionpool Starting new HTTPS connection (1): dl.google.com:443
2025-05-28 19:28:04,784 DEBUG    urllib3.connectionpool https://dl.google.com:443 "GET /dl/cloudsdk/channels/rapid/components/google-cloud-sdk-beta-20250523104322.tar.gz HTTP/11" 200 797
2025-05-28 19:28:04,784 INFO     ___FILE_ONLY___ ════════════════════════════════════════════════════════════
2025-05-28 19:28:04,784 INFO     ___FILE_ONLY___ ╝

2025-05-28 19:28:04,786 INFO     ___FILE_ONLY___ ╔════════════════════════════════════════════════════════════╗

2025-05-28 19:28:04,786 INFO     ___FILE_ONLY___ ╠═ Downloading: gcloud Preview Commands                     ═╣

2025-05-28 19:28:04,786 INFO     ___FILE_ONLY___ ╚
2025-05-28 19:28:04,789 DEBUG    urllib3.connectionpool Starting new HTTPS connection (1): dl.google.com:443
2025-05-28 19:28:04,823 DEBUG    urllib3.connectionpool https://dl.google.com:443 "GET /dl/cloudsdk/channels/rapid/components/google-cloud-sdk-preview-20241115154308.tar.gz HTTP/11" 200 823
2025-05-28 19:28:04,824 INFO     ___FILE_ONLY___ ════════════════════════════════════════════════════════════
2025-05-28 19:28:04,824 INFO     ___FILE_ONLY___ ╝

2025-05-28 19:28:04,825 INFO     ___FILE_ONLY___ ╔════════════════════════════════════════════════════════════╗

2025-05-28 19:28:04,826 INFO     ___FILE_ONLY___ ╠═ Installing: gcloud Alpha Commands                        ═╣

2025-05-28 19:28:04,826 INFO     ___FILE_ONLY___ ╚
2025-05-28 19:28:04,827 INFO     ___FILE_ONLY___ ════════════════════════════════════════════════════════════
2025-05-28 19:28:04,827 INFO     ___FILE_ONLY___ ╝

2025-05-28 19:28:04,832 INFO     ___FILE_ONLY___ ╔════════════════════════════════════════════════════════════╗

2025-05-28 19:28:04,832 INFO     ___FILE_ONLY___ ╠═ Installing: gcloud Beta Commands                         ═╣

2025-05-28 19:28:04,832 INFO     ___FILE_ONLY___ ╚
2025-05-28 19:28:04,832 INFO     ___FILE_ONLY___ ════════════════════════════════════════════════════════════
2025-05-28 19:28:04,833 INFO     ___FILE_ONLY___ ╝

2025-05-28 19:28:04,838 INFO     ___FILE_ONLY___ ╔════════════════════════════════════════════════════════════╗

2025-05-28 19:28:04,838 INFO     ___FILE_ONLY___ ╠═ Installing: gcloud Preview Commands                      ═╣

2025-05-28 19:28:04,838 INFO     ___FILE_ONLY___ ╚
2025-05-28 19:28:04,838 INFO     ___FILE_ONLY___ ════════════════════════════════════════════════════════════
2025-05-28 19:28:04,838 INFO     ___FILE_ONLY___ ╝

2025-05-28 19:28:04,843 DEBUG    root            Updating notification cache...
2025-05-28 19:28:04,844 INFO     ___FILE_ONLY___ 

2025-05-28 19:28:04,845 INFO     ___FILE_ONLY___ Performing post processing steps...
2025-05-28 19:28:04,846 DEBUG    root            Executing command: ['/tools/google-cloud-sdk/bin/gcloud', 'components', 'post-process']
2025-05-28 19:28:12,561 DEBUG    ___FILE_ONLY___ 
2025-05-28 19:28:12,561 DEBUG    ___FILE_ONLY___ 
2025-05-28 19:28:12,616 INFO     root            descriptor_list: [{'universeDomain': 'googleapis.com', 'universeShortName': '', 'authenticationDomain': 'auth.cloud.google.com', 'projectPrefix': '', 'cloudWebDomain': 'cloud.google.com', 'documentationDomain': 'cloud.google.com', 'version': '1.0.0', 'state': 'primary', 'artifactRegistryDomain': 'pkg.dev'}]
2025-05-28 19:28:12,617 INFO     ___FILE_ONLY___ 
Update done!


2025-05-28 19:28:12,619 DEBUG    root            Chosen display Format:none
2025-05-28 19:28:12,619 INFO     root            Display format: "none"
